<?xml version="1.0" encoding="UTF-8"?>
<testng-results skipped="0" failed="0" ignored="0" total="1" passed="1">
  <reporter-output>
  </reporter-output>
  <suite name="Default suite" duration-ms="14679" started-at="2024-06-25T13:52:48Z" finished-at="2024-06-25T13:53:02Z">
    <groups>
    </groups>
    <test name="Default test" duration-ms="14679" started-at="2024-06-25T13:52:48Z" finished-at="2024-06-25T13:53:02Z">
      <class name="automation.Scrollpage">
        <test-method status="PASS" signature="scrolpageDown()[pri:0, instance:automation.Scrollpage@643b1d11]" name="scrolpageDown" duration-ms="14650" started-at="2024-06-25T19:22:48Z" finished-at="2024-06-25T19:23:02Z">
          <reporter-output>
          </reporter-output>
        </test-method> <!-- scrolpageDown -->
      </class> <!-- automation.Scrollpage -->
    </test> <!-- Default test -->
  </suite> <!-- Default suite -->
</testng-results>
